{"C:\\Users\\LEGION\\Documents\\shit(s)\\program\\typescript\\merge.js": {"path":"C:\\Users\\LEGION\\Documents\\shit(s)\\program\\typescript\\merge.js","statementMap":{"0":{"start":{"line":2,"column":0},"end":{"line":2,"column":62}},"1":{"start":{"line":3,"column":0},"end":{"line":3,"column":24}},"2":{"start":{"line":6,"column":21},"end":{"line":6,"column":23}},"3":{"start":{"line":7,"column":16},"end":{"line":7,"column":17}},"4":{"start":{"line":7,"column":23},"end":{"line":7,"column":24}},"5":{"start":{"line":8,"column":8},"end":{"line":17,"column":9}},"6":{"start":{"line":9,"column":12},"end":{"line":16,"column":13}},"7":{"start":{"line":10,"column":16},"end":{"line":10,"column":45}},"8":{"start":{"line":11,"column":16},"end":{"line":11,"column":20}},"9":{"start":{"line":14,"column":16},"end":{"line":14,"column":45}},"10":{"start":{"line":15,"column":16},"end":{"line":15,"column":20}},"11":{"start":{"line":18,"column":8},"end":{"line":21,"column":9}},"12":{"start":{"line":19,"column":12},"end":{"line":19,"column":41}},"13":{"start":{"line":20,"column":12},"end":{"line":20,"column":16}},"14":{"start":{"line":22,"column":8},"end":{"line":25,"column":9}},"15":{"start":{"line":23,"column":12},"end":{"line":23,"column":41}},"16":{"start":{"line":24,"column":12},"end":{"line":24,"column":16}},"17":{"start":{"line":26,"column":8},"end":{"line":26,"column":22}},"18":{"start":{"line":29,"column":0},"end":{"line":29,"column":24}}},"fnMap":{"0":{"name":"(anonymous_0)","decl":{"start":{"line":5,"column":4},"end":{"line":5,"column":5}},"loc":{"start":{"line":5,"column":38},"end":{"line":27,"column":5}},"line":5}},"branchMap":{"0":{"loc":{"start":{"line":8,"column":15},"end":{"line":8,"column":65}},"type":"binary-expr","locations":[{"start":{"line":8,"column":15},"end":{"line":8,"column":38}},{"start":{"line":8,"column":42},"end":{"line":8,"column":65}}],"line":8},"1":{"loc":{"start":{"line":9,"column":12},"end":{"line":16,"column":13}},"type":"if","locations":[{"start":{"line":9,"column":12},"end":{"line":16,"column":13}},{"start":{"line":13,"column":17},"end":{"line":16,"column":13}}],"line":9}},"s":{"0":2,"1":2,"2":7,"3":7,"4":7,"5":7,"6":18,"7":14,"8":14,"9":4,"10":4,"11":7,"12":3,"13":3,"14":7,"15":12,"16":12,"17":7,"18":2},"f":{"0":7},"b":{"0":[25,19],"1":[14,4]},"inputSourceMap":null,"_coverageSchema":"1a1c01bbd47fc00a2c39e90264f33305004495a9","hash":"bf6c150ee6b541cf9c5a524d45f763ae3aa952ce"}
}
